\BOOKMARK [1][-]{section.1}{Einführung}{}% 1
\BOOKMARK [1][-]{section.2}{Zielsetzung}{}% 2
\BOOKMARK [1][-]{section.3}{Ausgangslage}{}% 3
\BOOKMARK [2][-]{subsection.3.1}{Bewertungskriterien opensource Projekt}{section.3}% 4
\BOOKMARK [3][-]{subsubsection.3.1.1}{Modularität und Erweiterbarkeit}{subsection.3.1}% 5
\BOOKMARK [3][-]{subsubsection.3.1.2}{Einarbeitungszeit}{subsection.3.1}% 6
\BOOKMARK [3][-]{subsubsection.3.1.3}{Hardwareeinsatz}{subsection.3.1}% 7
\BOOKMARK [2][-]{subsection.3.2}{Designentscheid}{section.3}% 8
\BOOKMARK [1][-]{section.4}{Aufbau}{}% 9
\BOOKMARK [2][-]{subsection.4.1}{Auswahl Hardware}{section.4}% 10
\BOOKMARK [3][-]{subsubsection.4.1.1}{Bildschirm}{subsection.4.1}% 11
\BOOKMARK [3][-]{subsubsection.4.1.2}{Hauptrechner}{subsection.4.1}% 12
\BOOKMARK [3][-]{subsubsection.4.1.3}{Infrarot Präsenzmelder}{subsection.4.1}% 13
\BOOKMARK [3][-]{subsubsection.4.1.4}{Hilfsrechner}{subsection.4.1}% 14
\BOOKMARK [3][-]{subsubsection.4.1.5}{wlan Router}{subsection.4.1}% 15
\BOOKMARK [3][-]{subsubsection.4.1.6}{Laptop}{subsection.4.1}% 16
\BOOKMARK [3][-]{subsubsection.4.1.7}{Handy}{subsection.4.1}% 17
\BOOKMARK [2][-]{subsection.4.2}{Auswahl Software}{section.4}% 18
\BOOKMARK [3][-]{subsubsection.4.2.1}{Raspian auf Raspberry Pi}{subsection.4.2}% 19
\BOOKMARK [3][-]{subsubsection.4.2.2}{MagicMirror2}{subsection.4.2}% 20
\BOOKMARK [3][-]{subsubsection.4.2.3}{MQTT Broker}{subsection.4.2}% 21
\BOOKMARK [3][-]{subsubsection.4.2.4}{node-red}{subsection.4.2}% 22
\BOOKMARK [3][-]{subsubsection.4.2.5}{Android Applikation}{subsection.4.2}% 23
\BOOKMARK [3][-]{subsubsection.4.2.6}{ESP-IDF Programm}{subsection.4.2}% 24
\BOOKMARK [1][-]{section.5}{Magic Mirror auf dem Raspberry Pi}{}% 25
\BOOKMARK [2][-]{subsection.5.1}{Aufsetzen von MagicMirror2}{section.5}% 26
\BOOKMARK [2][-]{subsection.5.2}{Integration node-red und mqtt}{section.5}% 27
\BOOKMARK [2][-]{subsection.5.3}{Implementation eigenes MagicMirror2 Modul}{section.5}% 28
\BOOKMARK [1][-]{section.6}{Applikation für Präsenzdetektion}{}% 29
\BOOKMARK [1][-]{section.7}{Android Applikation für Notizen}{}% 30
